[debug] [2018-05-26T09:36:05.103Z] ----------------------------------------------------------------------
[debug] [2018-05-26T09:36:05.105Z] Command:       /Users/aaron/.nvm/versions/node/v8.11.1/bin/node /Users/aaron/.nvm/versions/node/v8.11.1/bin/firebase deploy --only functions
[debug] [2018-05-26T09:36:05.106Z] CLI Version:   3.18.5
[debug] [2018-05-26T09:36:05.106Z] Platform:      darwin
[debug] [2018-05-26T09:36:05.106Z] Node Version:  v8.11.1
[debug] [2018-05-26T09:36:05.106Z] Time:          Sat May 26 2018 11:36:05 GMT+0200 (CEST)
[debug] [2018-05-26T09:36:05.106Z] ----------------------------------------------------------------------
[debug] 
[debug] [2018-05-26T09:36:05.119Z] > command requires scopes: ["email","openid","https://www.googleapis.com/auth/cloudplatformprojects.readonly","https://www.googleapis.com/auth/firebase","https://www.googleapis.com/auth/cloud-platform"]
[debug] [2018-05-26T09:36:05.119Z] > authorizing via signed-in user
[debug] [2018-05-26T09:36:05.121Z] > refreshing access token with scopes: ["email","https://www.googleapis.com/auth/cloud-platform","https://www.googleapis.com/auth/cloudplatformprojects.readonly","https://www.googleapis.com/auth/firebase","openid"]
[debug] [2018-05-26T09:36:05.121Z] >>> HTTP REQUEST POST https://www.googleapis.com/oauth2/v3/token  
 { refresh_token: '1/Q6o6CwhIHcfAac51MmXHPURUFsLvBpFpK9SBxvq39V8',
  client_id: '563584335869-fgrhgmd47bqnekij5i8b5pr03ho849e6.apps.googleusercontent.com',
  client_secret: 'j9iVZfS8kkCEFUPaAeJV0sAi',
  grant_type: 'refresh_token',
  scope: 'email https://www.googleapis.com/auth/cloud-platform https://www.googleapis.com/auth/cloudplatformprojects.readonly https://www.googleapis.com/auth/firebase openid' } 
 Sat May 26 2018 11:36:05 GMT+0200 (CEST)
[debug] [2018-05-26T09:36:05.318Z] <<< HTTP RESPONSE 200
[debug] [2018-05-26T09:36:05.329Z] >>> HTTP REQUEST GET https://admin.firebase.com/v1/projects/qards-4d673  
  
 Sat May 26 2018 11:36:05 GMT+0200 (CEST)
[debug] [2018-05-26T09:36:06.080Z] <<< HTTP RESPONSE 200
[debug] [2018-05-26T09:36:06.080Z] >>> HTTP REQUEST GET https://admin.firebase.com/v1/database/qards-4d673/tokens  
  
 Sat May 26 2018 11:36:06 GMT+0200 (CEST)
[debug] [2018-05-26T09:36:06.713Z] <<< HTTP RESPONSE 200
[info] 
[info] === Deploying to 'qards-4d673'...
[info] 
[info] i  deploying functions
[info] Running command: npm --prefix "$RESOURCE_DIR" run lint
[info] Running command: npm --prefix "$RESOURCE_DIR" run build
